<?xml version="1.0" encoding="UTF-8"?>
<!-- Generated by org.testng.reporters.JUnitReportReporter -->
<testsuite skipped="0" hostname="LAPTOP-QITOSS6Q" name="scripts.TC_VerifyGetBadgeIDAPI" tests="1" failures="0" timestamp="2022-02-25T15:29:05 IST" time="12.358" errors="0">
  <testcase name="verifyBadgeIDAPI" time="12.358" classname="scripts.TC_VerifyGetBadgeIDAPI"/>
</testsuite> <!-- scripts.TC_VerifyGetBadgeIDAPI -->
